c:\users\jordan coyle\documents\github\gp3\gp3coursework\gp3coursework\debug\vc120.pdb
c:\users\jordan coyle\documents\github\gp3\gp3coursework\gp3coursework\debug\vc120.idb
c:\users\jordan coyle\documents\github\gp3\gp3coursework\gp3coursework\debug\ccamera.obj
c:\users\jordan coyle\documents\github\gp3\gp3coursework\gp3coursework\debug\ccolours.obj
c:\users\jordan coyle\documents\github\gp3\gp3coursework\gp3coursework\debug\ccube.obj
c:\users\jordan coyle\documents\github\gp3\gp3coursework\gp3coursework\debug\cinputmgr.obj
c:\users\jordan coyle\documents\github\gp3\gp3coursework\gp3coursework\debug\clight.obj
c:\users\jordan coyle\documents\github\gp3\gp3coursework\gp3coursework\debug\cmaterial.obj
c:\users\jordan coyle\documents\github\gp3\gp3coursework\gp3coursework\debug\cmodel.obj
c:\users\jordan coyle\documents\github\gp3\gp3coursework\gp3coursework\debug\cmodelloader.obj
c:\users\jordan coyle\documents\github\gp3\gp3coursework\gp3coursework\debug\cpyramid.obj
c:\users\jordan coyle\documents\github\gp3\gp3coursework\gp3coursework\debug\cshapes.obj
c:\users\jordan coyle\documents\github\gp3\gp3coursework\gp3coursework\debug\csound.obj
c:\users\jordan coyle\documents\github\gp3\gp3coursework\gp3coursework\debug\csoundmgr.obj
c:\users\jordan coyle\documents\github\gp3\gp3coursework\gp3coursework\debug\csphere.obj
c:\users\jordan coyle\documents\github\gp3\gp3coursework\gp3coursework\debug\ctexture.obj
c:\users\jordan coyle\documents\github\gp3\gp3coursework\gp3coursework\debug\ctriangle.obj
c:\users\jordan coyle\documents\github\gp3\gp3coursework\gp3coursework\debug\cwndmanager.obj
c:\users\jordan coyle\documents\github\gp3\gp3coursework\gp3coursework\debug\gameconstants.obj
c:\users\jordan coyle\documents\github\gp3\gp3coursework\gp3coursework\debug\main.obj
c:\users\jordan coyle\documents\github\gp3\gp3coursework\gp3coursework\debug\windowogl.obj
c:\users\jordan coyle\documents\github\gp3\gp3coursework\gp3coursework\debug\cfpcamera.obj
c:\users\jordan coyle\documents\github\gp3\gp3coursework\gp3coursework\debug\cmodelmov.obj
c:\users\jordan coyle\documents\github\gp3\gp3coursework\debug\gp3coursework.ilk
c:\users\jordan coyle\documents\github\gp3\gp3coursework\debug\gp3coursework.exe
c:\users\jordan coyle\documents\github\gp3\gp3coursework\debug\gp3coursework.pdb
c:\users\jordan coyle\documents\github\gp3\gp3coursework\gp3coursework\debug\gp3coursework.tlog\cl.command.1.tlog
c:\users\jordan coyle\documents\github\gp3\gp3coursework\gp3coursework\debug\gp3coursework.tlog\cl.read.1.tlog
c:\users\jordan coyle\documents\github\gp3\gp3coursework\gp3coursework\debug\gp3coursework.tlog\cl.write.1.tlog
c:\users\jordan coyle\documents\github\gp3\gp3coursework\gp3coursework\debug\gp3coursework.tlog\link-cvtres.read.1.tlog
c:\users\jordan coyle\documents\github\gp3\gp3coursework\gp3coursework\debug\gp3coursework.tlog\link-cvtres.write.1.tlog
c:\users\jordan coyle\documents\github\gp3\gp3coursework\gp3coursework\debug\gp3coursework.tlog\link-rc.read.1.tlog
c:\users\jordan coyle\documents\github\gp3\gp3coursework\gp3coursework\debug\gp3coursework.tlog\link-rc.write.1.tlog
c:\users\jordan coyle\documents\github\gp3\gp3coursework\gp3coursework\debug\gp3coursework.tlog\link.14452-cvtres.read.1.tlog
c:\users\jordan coyle\documents\github\gp3\gp3coursework\gp3coursework\debug\gp3coursework.tlog\link.14452-cvtres.write.1.tlog
c:\users\jordan coyle\documents\github\gp3\gp3coursework\gp3coursework\debug\gp3coursework.tlog\link.14452-rc.read.1.tlog
c:\users\jordan coyle\documents\github\gp3\gp3coursework\gp3coursework\debug\gp3coursework.tlog\link.14452-rc.write.1.tlog
c:\users\jordan coyle\documents\github\gp3\gp3coursework\gp3coursework\debug\gp3coursework.tlog\link.14452.read.1.tlog
c:\users\jordan coyle\documents\github\gp3\gp3coursework\gp3coursework\debug\gp3coursework.tlog\link.14452.write.1.tlog
c:\users\jordan coyle\documents\github\gp3\gp3coursework\gp3coursework\debug\gp3coursework.tlog\link.command.1.tlog
c:\users\jordan coyle\documents\github\gp3\gp3coursework\gp3coursework\debug\gp3coursework.tlog\link.read.1.tlog
c:\users\jordan coyle\documents\github\gp3\gp3coursework\gp3coursework\debug\gp3coursework.tlog\link.write.1.tlog
