Build started 07/04/2017 16:24:40.
     1>Project "C:\Users\Jordan Coyle\Documents\GitHub\GP3\GP3coursework\GP3coursework\GP3coursework.vcxproj" on node 2 (Build target(s)).
     1>ClCompile:
         C:\Program Files (x86)\Microsoft Visual Studio 12.0\VC\bin\CL.exe /c /Zi /nologo /W3 /WX- /sdl /O2 /Oi /Oy- /GL /D _MBCS /Gm- /EHsc /MD /GS /Gy /fp:precise /Zc:wchar_t /Zc:forScope /Fo"Release\\" /Fd"Release\vc120.pdb" /Gd /TP /analyze- /errorReport:prompt cCamera.cpp cColours.cpp cFpCamera.cpp cInputMgr.cpp cLight.cpp cModel.cpp cModelLoader.cpp cModelMov.cpp cSound.cpp cSoundMgr.cpp cTexture.cpp cWNDManager.cpp GameConstants.cpp Main.cpp windowOGL.cpp
         cCamera.cpp
         cColours.cpp
         cFpCamera.cpp
         cInputMgr.cpp
         cLight.cpp
         cModel.cpp
         cModelLoader.cpp
     1>cModelLoader.cpp(36): warning C4244: '=' : conversion from 'GLsizei' to 'GLfloat', possible loss of data
     1>cModelLoader.cpp(37): warning C4244: '=' : conversion from 'GLsizei' to 'GLfloat', possible loss of data
         cModelMov.cpp
         cSound.cpp
         cSoundMgr.cpp
         cTexture.cpp
         cWNDManager.cpp
         GameConstants.cpp
         Main.cpp
     1>Main.cpp(77): warning C4244: 'argument' : conversion from 'const int' to 'GLfloat', possible loss of data
     1>Main.cpp(86): warning C4244: 'argument' : conversion from 'const int' to 'GLfloat', possible loss of data
     1>Main.cpp(94): warning C4305: 'initializing' : truncation from 'double' to 'GLfloat'
     1>Main.cpp(114): warning C4305: 'argument' : truncation from 'int' to 'ALboolean'
     1>Main.cpp(114): warning C4309: 'argument' : truncation of constant value
         windowOGL.cpp
       Link:
         C:\Program Files (x86)\Microsoft Visual Studio 12.0\VC\bin\link.exe /ERRORREPORT:PROMPT /OUT:"C:\Users\Jordan Coyle\Documents\GitHub\GP3\GP3coursework\Release\GP3coursework.exe" /NOLOGO kernel32.lib user32.lib gdi32.lib winspool.lib comdlg32.lib advapi32.lib shell32.lib ole32.lib oleaut32.lib uuid.lib odbc32.lib odbccp32.lib /MANIFEST /MANIFESTUAC:"level='asInvoker' uiAccess='false'" /manifest:embed /DEBUG /PDB:"C:\Users\Jordan Coyle\Documents\GitHub\GP3\GP3coursework\Release\GP3coursework.pdb" /OPT:REF /OPT:ICF /LTCG /TLBID:1 /DYNAMICBASE /NXCOMPAT /IMPLIB:"C:\Users\Jordan Coyle\Documents\GitHub\GP3\GP3coursework\Release\GP3coursework.lib" /MACHINE:X86 /SAFESEH Release\cCamera.obj
         Release\cColours.obj
         Release\cFpCamera.obj
         Release\cInputMgr.obj
         Release\cLight.obj
         Release\cModel.obj
         Release\cModelLoader.obj
         Release\cModelMov.obj
         Release\cSound.obj
         Release\cSoundMgr.obj
         Release\cTexture.obj
         Release\cWNDManager.obj
         Release\GameConstants.obj
         Release\Main.obj
         Release\windowOGL.obj
         DevIL.lib
         freeglut.lib
         ftgl.lib
         ILU.lib
         Libraries\alut.lib
         "Libraries\glm-0.3.2Lib.lib"
         Libraries\ILUT.lib
         Libraries\OpenAL32.lib
     1>glm-0.3.2Lib.lib(glm.obj) : warning LNK4075: ignoring '/EDITANDCONTINUE' due to '/OPT:ICF' specification
     1>LINK : warning LNK4098: defaultlib 'MSVCRTD' conflicts with use of other libs; use /NODEFAULTLIB:library
         Generating code
         Finished generating code
     1>glm-0.3.2Lib.lib(glm.obj) : warning LNK4099: PDB 'vc120.pdb' was not found with 'glm-0.3.2Lib.lib(glm.obj)' or at 'C:\Users\Jordan Coyle\Documents\GitHub\GP3\GP3coursework\Release\vc120.pdb'; linking object as if no debug info
     1>glm-0.3.2Lib.lib(glmimg.obj) : warning LNK4099: PDB 'vc120.pdb' was not found with 'glm-0.3.2Lib.lib(glmimg.obj)' or at 'C:\Users\Jordan Coyle\Documents\GitHub\GP3\GP3coursework\Release\vc120.pdb'; linking object as if no debug info
     1>glm-0.3.2Lib.lib(glm_util.obj) : warning LNK4099: PDB 'vc120.pdb' was not found with 'glm-0.3.2Lib.lib(glm_util.obj)' or at 'C:\Users\Jordan Coyle\Documents\GitHub\GP3\GP3coursework\Release\vc120.pdb'; linking object as if no debug info
         GP3coursework.vcxproj -> C:\Users\Jordan Coyle\Documents\GitHub\GP3\GP3coursework\Release\GP3coursework.exe
     1>Done Building Project "C:\Users\Jordan Coyle\Documents\GitHub\GP3\GP3coursework\GP3coursework\GP3coursework.vcxproj" (Build target(s)).

Build succeeded.

Time Elapsed 00:00:11.85
